<?xml version="1.0" encoding="UTF-8" ?>
<testsuite failures="0" time="0.023" errors="0" skipped="0" tests="4" name="com.jerry.taskengine.utils.ClassUtilTest">
  <properties>
[...]
</properties>
  <testcase time="0.016" classname="com.jerry.taskengine.utils.ClassUtilTest" name="scanPackageFileTest"/>
  <testcase time="0.001" classname="com.jerry.taskengine.utils.ClassUtilTest" name="getShortNameAsPropertyTest"/>
  <testcase time="0" classname="com.jerry.taskengine.utils.ClassUtilTest" name="getAllInterfacesForClassTest"/>
  <testcase time="0.006" classname="com.jerry.taskengine.utils.ClassUtilTest" name="getClassFromJarTest"/>
</testsuite>